

Started GET "/" for 127.0.0.1 at 2015-03-09 16:52:32 +0200

ActiveRecord::PendingMigrationError (

Migrations are pending. To resolve this issue, run:

	bin/rake db:migrate RAILS_ENV=development

):
  activerecord (4.2.0) lib/active_record/migration.rb:393:in `check_pending!'
  activerecord (4.2.0) lib/active_record/migration.rb:374:in `call'
  actionpack (4.2.0) lib/action_dispatch/middleware/callbacks.rb:29:in `block in call'
  activesupport (4.2.0) lib/active_support/callbacks.rb:88:in `call'
  activesupport (4.2.0) lib/active_support/callbacks.rb:88:in `_run_callbacks'
  activesupport (4.2.0) lib/active_support/callbacks.rb:734:in `_run_call_callbacks'
  activesupport (4.2.0) lib/active_support/callbacks.rb:81:in `run_callbacks'
  actionpack (4.2.0) lib/action_dispatch/middleware/callbacks.rb:27:in `call'
  actionpack (4.2.0) lib/action_dispatch/middleware/reloader.rb:73:in `call'
  actionpack (4.2.0) lib/action_dispatch/middleware/remote_ip.rb:78:in `call'
  actionpack (4.2.0) lib/action_dispatch/middleware/debug_exceptions.rb:17:in `call'
  web-console (2.1.1) lib/web_console/middleware.rb:37:in `call'
  actionpack (4.2.0) lib/action_dispatch/middleware/show_exceptions.rb:30:in `call'
  railties (4.2.0) lib/rails/rack/logger.rb:38:in `call_app'
  railties (4.2.0) lib/rails/rack/logger.rb:20:in `block in call'
  activesupport (4.2.0) lib/active_support/tagged_logging.rb:68:in `block in tagged'
  activesupport (4.2.0) lib/active_support/tagged_logging.rb:26:in `tagged'
  activesupport (4.2.0) lib/active_support/tagged_logging.rb:68:in `tagged'
  railties (4.2.0) lib/rails/rack/logger.rb:20:in `call'
  actionpack (4.2.0) lib/action_dispatch/middleware/request_id.rb:21:in `call'
  rack (1.6.0) lib/rack/methodoverride.rb:22:in `call'
  rack (1.6.0) lib/rack/runtime.rb:18:in `call'
  activesupport (4.2.0) lib/active_support/cache/strategy/local_cache_middleware.rb:28:in `call'
  rack (1.6.0) lib/rack/lock.rb:17:in `call'
  actionpack (4.2.0) lib/action_dispatch/middleware/static.rb:113:in `call'
  rack (1.6.0) lib/rack/sendfile.rb:113:in `call'
  railties (4.2.0) lib/rails/engine.rb:518:in `call'
  railties (4.2.0) lib/rails/application.rb:164:in `call'
  rack (1.6.0) lib/rack/lock.rb:17:in `call'
  rack (1.6.0) lib/rack/content_length.rb:15:in `call'
  rack (1.6.0) lib/rack/handler/webrick.rb:89:in `service'
  /home/kristianw/.rbenv/versions/2.2.0/lib/ruby/2.2.0/webrick/httpserver.rb:138:in `service'
  /home/kristianw/.rbenv/versions/2.2.0/lib/ruby/2.2.0/webrick/httpserver.rb:94:in `run'
  /home/kristianw/.rbenv/versions/2.2.0/lib/ruby/2.2.0/webrick/server.rb:294:in `block in start_thread'


  Rendered /home/kristianw/.rbenv/versions/2.2.0/lib/ruby/gems/2.2.0/gems/actionpack-4.2.0/lib/action_dispatch/middleware/templates/rescues/_source.erb (3.6ms)
  Rendered /home/kristianw/.rbenv/versions/2.2.0/lib/ruby/gems/2.2.0/gems/actionpack-4.2.0/lib/action_dispatch/middleware/templates/rescues/_trace.html.erb (2.7ms)
  Rendered /home/kristianw/.rbenv/versions/2.2.0/lib/ruby/gems/2.2.0/gems/actionpack-4.2.0/lib/action_dispatch/middleware/templates/rescues/_request_and_response.html.erb (1.7ms)
  Rendered /home/kristianw/.rbenv/versions/2.2.0/lib/ruby/gems/2.2.0/gems/actionpack-4.2.0/lib/action_dispatch/middleware/templates/rescues/diagnostics.html.erb within rescues/layout (36.0ms)
  Rendered /home/kristianw/.rbenv/versions/2.2.0/lib/ruby/gems/2.2.0/gems/web-console-2.1.1/lib/web_console/templates/_markup.html (0.6ms)
  Rendered /home/kristianw/.rbenv/versions/2.2.0/lib/ruby/gems/2.2.0/gems/web-console-2.1.1/lib/web_console/templates/style.css within layouts/inlined_string (0.5ms)
  Rendered /home/kristianw/.rbenv/versions/2.2.0/lib/ruby/gems/2.2.0/gems/web-console-2.1.1/lib/web_console/templates/_inner_console_markup.html within layouts/inlined_string (0.5ms)
  Rendered /home/kristianw/.rbenv/versions/2.2.0/lib/ruby/gems/2.2.0/gems/web-console-2.1.1/lib/web_console/templates/_prompt_box_markup.html within layouts/inlined_string (0.5ms)
  Rendered /home/kristianw/.rbenv/versions/2.2.0/lib/ruby/gems/2.2.0/gems/web-console-2.1.1/lib/web_console/templates/console.js within layouts/javascript (31.5ms)
  Rendered /home/kristianw/.rbenv/versions/2.2.0/lib/ruby/gems/2.2.0/gems/web-console-2.1.1/lib/web_console/templates/main.js within layouts/javascript (0.5ms)
  Rendered /home/kristianw/.rbenv/versions/2.2.0/lib/ruby/gems/2.2.0/gems/web-console-2.1.1/lib/web_console/templates/error_page.js within layouts/javascript (1.2ms)
  Rendered /home/kristianw/.rbenv/versions/2.2.0/lib/ruby/gems/2.2.0/gems/web-console-2.1.1/lib/web_console/templates/index.html (70.9ms)


Started GET "/" for 127.0.0.1 at 2015-03-09 16:52:32 +0200

ActiveRecord::PendingMigrationError (

Migrations are pending. To resolve this issue, run:

	bin/rake db:migrate RAILS_ENV=development

):
  activerecord (4.2.0) lib/active_record/migration.rb:393:in `check_pending!'
  activerecord (4.2.0) lib/active_record/migration.rb:374:in `call'
  actionpack (4.2.0) lib/action_dispatch/middleware/callbacks.rb:29:in `block in call'
  activesupport (4.2.0) lib/active_support/callbacks.rb:88:in `call'
  activesupport (4.2.0) lib/active_support/callbacks.rb:88:in `_run_callbacks'
  activesupport (4.2.0) lib/active_support/callbacks.rb:734:in `_run_call_callbacks'
  activesupport (4.2.0) lib/active_support/callbacks.rb:81:in `run_callbacks'
  actionpack (4.2.0) lib/action_dispatch/middleware/callbacks.rb:27:in `call'
  actionpack (4.2.0) lib/action_dispatch/middleware/reloader.rb:73:in `call'
  actionpack (4.2.0) lib/action_dispatch/middleware/remote_ip.rb:78:in `call'
  actionpack (4.2.0) lib/action_dispatch/middleware/debug_exceptions.rb:17:in `call'
  web-console (2.1.1) lib/web_console/middleware.rb:37:in `call'
  actionpack (4.2.0) lib/action_dispatch/middleware/show_exceptions.rb:30:in `call'
  railties (4.2.0) lib/rails/rack/logger.rb:38:in `call_app'
  railties (4.2.0) lib/rails/rack/logger.rb:20:in `block in call'
  activesupport (4.2.0) lib/active_support/tagged_logging.rb:68:in `block in tagged'
  activesupport (4.2.0) lib/active_support/tagged_logging.rb:26:in `tagged'
  activesupport (4.2.0) lib/active_support/tagged_logging.rb:68:in `tagged'
  railties (4.2.0) lib/rails/rack/logger.rb:20:in `call'
  actionpack (4.2.0) lib/action_dispatch/middleware/request_id.rb:21:in `call'
  rack (1.6.0) lib/rack/methodoverride.rb:22:in `call'
  rack (1.6.0) lib/rack/runtime.rb:18:in `call'
  activesupport (4.2.0) lib/active_support/cache/strategy/local_cache_middleware.rb:28:in `call'
  rack (1.6.0) lib/rack/lock.rb:17:in `call'
  actionpack (4.2.0) lib/action_dispatch/middleware/static.rb:113:in `call'
  rack (1.6.0) lib/rack/sendfile.rb:113:in `call'
  railties (4.2.0) lib/rails/engine.rb:518:in `call'
  railties (4.2.0) lib/rails/application.rb:164:in `call'
  rack (1.6.0) lib/rack/lock.rb:17:in `call'
  rack (1.6.0) lib/rack/content_length.rb:15:in `call'
  rack (1.6.0) lib/rack/handler/webrick.rb:89:in `service'
  /home/kristianw/.rbenv/versions/2.2.0/lib/ruby/2.2.0/webrick/httpserver.rb:138:in `service'
  /home/kristianw/.rbenv/versions/2.2.0/lib/ruby/2.2.0/webrick/httpserver.rb:94:in `run'
  /home/kristianw/.rbenv/versions/2.2.0/lib/ruby/2.2.0/webrick/server.rb:294:in `block in start_thread'


  Rendered /home/kristianw/.rbenv/versions/2.2.0/lib/ruby/gems/2.2.0/gems/actionpack-4.2.0/lib/action_dispatch/middleware/templates/rescues/_source.erb (7.6ms)
  Rendered /home/kristianw/.rbenv/versions/2.2.0/lib/ruby/gems/2.2.0/gems/actionpack-4.2.0/lib/action_dispatch/middleware/templates/rescues/_trace.html.erb (2.2ms)
  Rendered /home/kristianw/.rbenv/versions/2.2.0/lib/ruby/gems/2.2.0/gems/actionpack-4.2.0/lib/action_dispatch/middleware/templates/rescues/_request_and_response.html.erb (4.2ms)
  Rendered /home/kristianw/.rbenv/versions/2.2.0/lib/ruby/gems/2.2.0/gems/actionpack-4.2.0/lib/action_dispatch/middleware/templates/rescues/diagnostics.html.erb within rescues/layout (41.8ms)
  Rendered /home/kristianw/.rbenv/versions/2.2.0/lib/ruby/gems/2.2.0/gems/web-console-2.1.1/lib/web_console/templates/_markup.html (0.6ms)
  Rendered /home/kristianw/.rbenv/versions/2.2.0/lib/ruby/gems/2.2.0/gems/web-console-2.1.1/lib/web_console/templates/style.css within layouts/inlined_string (0.5ms)
  Rendered /home/kristianw/.rbenv/versions/2.2.0/lib/ruby/gems/2.2.0/gems/web-console-2.1.1/lib/web_console/templates/_inner_console_markup.html within layouts/inlined_string (0.5ms)
  Rendered /home/kristianw/.rbenv/versions/2.2.0/lib/ruby/gems/2.2.0/gems/web-console-2.1.1/lib/web_console/templates/_prompt_box_markup.html within layouts/inlined_string (0.8ms)
  Rendered /home/kristianw/.rbenv/versions/2.2.0/lib/ruby/gems/2.2.0/gems/web-console-2.1.1/lib/web_console/templates/console.js within layouts/javascript (26.9ms)
  Rendered /home/kristianw/.rbenv/versions/2.2.0/lib/ruby/gems/2.2.0/gems/web-console-2.1.1/lib/web_console/templates/main.js within layouts/javascript (0.5ms)
  Rendered /home/kristianw/.rbenv/versions/2.2.0/lib/ruby/gems/2.2.0/gems/web-console-2.1.1/lib/web_console/templates/error_page.js within layouts/javascript (0.6ms)
  Rendered /home/kristianw/.rbenv/versions/2.2.0/lib/ruby/gems/2.2.0/gems/web-console-2.1.1/lib/web_console/templates/index.html (59.9ms)


Started GET "/" for 127.0.0.1 at 2015-03-09 16:52:32 +0200

ActiveRecord::PendingMigrationError (

Migrations are pending. To resolve this issue, run:

	bin/rake db:migrate RAILS_ENV=development

):
  activerecord (4.2.0) lib/active_record/migration.rb:393:in `check_pending!'
  activerecord (4.2.0) lib/active_record/migration.rb:374:in `call'
  actionpack (4.2.0) lib/action_dispatch/middleware/callbacks.rb:29:in `block in call'
  activesupport (4.2.0) lib/active_support/callbacks.rb:88:in `call'
  activesupport (4.2.0) lib/active_support/callbacks.rb:88:in `_run_callbacks'
  activesupport (4.2.0) lib/active_support/callbacks.rb:734:in `_run_call_callbacks'
  activesupport (4.2.0) lib/active_support/callbacks.rb:81:in `run_callbacks'
  actionpack (4.2.0) lib/action_dispatch/middleware/callbacks.rb:27:in `call'
  actionpack (4.2.0) lib/action_dispatch/middleware/reloader.rb:73:in `call'
  actionpack (4.2.0) lib/action_dispatch/middleware/remote_ip.rb:78:in `call'
  actionpack (4.2.0) lib/action_dispatch/middleware/debug_exceptions.rb:17:in `call'
  web-console (2.1.1) lib/web_console/middleware.rb:37:in `call'
  actionpack (4.2.0) lib/action_dispatch/middleware/show_exceptions.rb:30:in `call'
  railties (4.2.0) lib/rails/rack/logger.rb:38:in `call_app'
  railties (4.2.0) lib/rails/rack/logger.rb:20:in `block in call'
  activesupport (4.2.0) lib/active_support/tagged_logging.rb:68:in `block in tagged'
  activesupport (4.2.0) lib/active_support/tagged_logging.rb:26:in `tagged'
  activesupport (4.2.0) lib/active_support/tagged_logging.rb:68:in `tagged'
  railties (4.2.0) lib/rails/rack/logger.rb:20:in `call'
  actionpack (4.2.0) lib/action_dispatch/middleware/request_id.rb:21:in `call'
  rack (1.6.0) lib/rack/methodoverride.rb:22:in `call'
  rack (1.6.0) lib/rack/runtime.rb:18:in `call'
  activesupport (4.2.0) lib/active_support/cache/strategy/local_cache_middleware.rb:28:in `call'
  rack (1.6.0) lib/rack/lock.rb:17:in `call'
  actionpack (4.2.0) lib/action_dispatch/middleware/static.rb:113:in `call'
  rack (1.6.0) lib/rack/sendfile.rb:113:in `call'
  railties (4.2.0) lib/rails/engine.rb:518:in `call'
  railties (4.2.0) lib/rails/application.rb:164:in `call'
  rack (1.6.0) lib/rack/lock.rb:17:in `call'
  rack (1.6.0) lib/rack/content_length.rb:15:in `call'
  rack (1.6.0) lib/rack/handler/webrick.rb:89:in `service'
  /home/kristianw/.rbenv/versions/2.2.0/lib/ruby/2.2.0/webrick/httpserver.rb:138:in `service'
  /home/kristianw/.rbenv/versions/2.2.0/lib/ruby/2.2.0/webrick/httpserver.rb:94:in `run'
  /home/kristianw/.rbenv/versions/2.2.0/lib/ruby/2.2.0/webrick/server.rb:294:in `block in start_thread'


  Rendered /home/kristianw/.rbenv/versions/2.2.0/lib/ruby/gems/2.2.0/gems/actionpack-4.2.0/lib/action_dispatch/middleware/templates/rescues/_source.erb (3.5ms)
  Rendered /home/kristianw/.rbenv/versions/2.2.0/lib/ruby/gems/2.2.0/gems/actionpack-4.2.0/lib/action_dispatch/middleware/templates/rescues/_trace.html.erb (2.3ms)
  Rendered /home/kristianw/.rbenv/versions/2.2.0/lib/ruby/gems/2.2.0/gems/actionpack-4.2.0/lib/action_dispatch/middleware/templates/rescues/_request_and_response.html.erb (1.5ms)
  Rendered /home/kristianw/.rbenv/versions/2.2.0/lib/ruby/gems/2.2.0/gems/actionpack-4.2.0/lib/action_dispatch/middleware/templates/rescues/diagnostics.html.erb within rescues/layout (32.0ms)
  Rendered /home/kristianw/.rbenv/versions/2.2.0/lib/ruby/gems/2.2.0/gems/web-console-2.1.1/lib/web_console/templates/_markup.html (1.4ms)
  Rendered /home/kristianw/.rbenv/versions/2.2.0/lib/ruby/gems/2.2.0/gems/web-console-2.1.1/lib/web_console/templates/style.css within layouts/inlined_string (0.6ms)
  Rendered /home/kristianw/.rbenv/versions/2.2.0/lib/ruby/gems/2.2.0/gems/web-console-2.1.1/lib/web_console/templates/_inner_console_markup.html within layouts/inlined_string (0.5ms)
  Rendered /home/kristianw/.rbenv/versions/2.2.0/lib/ruby/gems/2.2.0/gems/web-console-2.1.1/lib/web_console/templates/_prompt_box_markup.html within layouts/inlined_string (0.6ms)
  Rendered /home/kristianw/.rbenv/versions/2.2.0/lib/ruby/gems/2.2.0/gems/web-console-2.1.1/lib/web_console/templates/console.js within layouts/javascript (33.9ms)
  Rendered /home/kristianw/.rbenv/versions/2.2.0/lib/ruby/gems/2.2.0/gems/web-console-2.1.1/lib/web_console/templates/main.js within layouts/javascript (0.5ms)
  Rendered /home/kristianw/.rbenv/versions/2.2.0/lib/ruby/gems/2.2.0/gems/web-console-2.1.1/lib/web_console/templates/error_page.js within layouts/javascript (0.7ms)
  Rendered /home/kristianw/.rbenv/versions/2.2.0/lib/ruby/gems/2.2.0/gems/web-console-2.1.1/lib/web_console/templates/index.html (65.7ms)


Started GET "/" for 127.0.0.1 at 2015-03-09 16:52:32 +0200

ActiveRecord::PendingMigrationError (

Migrations are pending. To resolve this issue, run:

	bin/rake db:migrate RAILS_ENV=development

):
  activerecord (4.2.0) lib/active_record/migration.rb:393:in `check_pending!'
  activerecord (4.2.0) lib/active_record/migration.rb:374:in `call'
  actionpack (4.2.0) lib/action_dispatch/middleware/callbacks.rb:29:in `block in call'
  activesupport (4.2.0) lib/active_support/callbacks.rb:88:in `call'
  activesupport (4.2.0) lib/active_support/callbacks.rb:88:in `_run_callbacks'
  activesupport (4.2.0) lib/active_support/callbacks.rb:734:in `_run_call_callbacks'
  activesupport (4.2.0) lib/active_support/callbacks.rb:81:in `run_callbacks'
  actionpack (4.2.0) lib/action_dispatch/middleware/callbacks.rb:27:in `call'
  actionpack (4.2.0) lib/action_dispatch/middleware/reloader.rb:73:in `call'
  actionpack (4.2.0) lib/action_dispatch/middleware/remote_ip.rb:78:in `call'
  actionpack (4.2.0) lib/action_dispatch/middleware/debug_exceptions.rb:17:in `call'
  web-console (2.1.1) lib/web_console/middleware.rb:37:in `call'
  actionpack (4.2.0) lib/action_dispatch/middleware/show_exceptions.rb:30:in `call'
  railties (4.2.0) lib/rails/rack/logger.rb:38:in `call_app'
  railties (4.2.0) lib/rails/rack/logger.rb:20:in `block in call'
  activesupport (4.2.0) lib/active_support/tagged_logging.rb:68:in `block in tagged'
  activesupport (4.2.0) lib/active_support/tagged_logging.rb:26:in `tagged'
  activesupport (4.2.0) lib/active_support/tagged_logging.rb:68:in `tagged'
  railties (4.2.0) lib/rails/rack/logger.rb:20:in `call'
  actionpack (4.2.0) lib/action_dispatch/middleware/request_id.rb:21:in `call'
  rack (1.6.0) lib/rack/methodoverride.rb:22:in `call'
  rack (1.6.0) lib/rack/runtime.rb:18:in `call'
  activesupport (4.2.0) lib/active_support/cache/strategy/local_cache_middleware.rb:28:in `call'
  rack (1.6.0) lib/rack/lock.rb:17:in `call'
  actionpack (4.2.0) lib/action_dispatch/middleware/static.rb:113:in `call'
  rack (1.6.0) lib/rack/sendfile.rb:113:in `call'
  railties (4.2.0) lib/rails/engine.rb:518:in `call'
  railties (4.2.0) lib/rails/application.rb:164:in `call'
  rack (1.6.0) lib/rack/lock.rb:17:in `call'
  rack (1.6.0) lib/rack/content_length.rb:15:in `call'
  rack (1.6.0) lib/rack/handler/webrick.rb:89:in `service'
  /home/kristianw/.rbenv/versions/2.2.0/lib/ruby/2.2.0/webrick/httpserver.rb:138:in `service'
  /home/kristianw/.rbenv/versions/2.2.0/lib/ruby/2.2.0/webrick/httpserver.rb:94:in `run'
  /home/kristianw/.rbenv/versions/2.2.0/lib/ruby/2.2.0/webrick/server.rb:294:in `block in start_thread'


  Rendered /home/kristianw/.rbenv/versions/2.2.0/lib/ruby/gems/2.2.0/gems/actionpack-4.2.0/lib/action_dispatch/middleware/templates/rescues/_source.erb (3.5ms)
  Rendered /home/kristianw/.rbenv/versions/2.2.0/lib/ruby/gems/2.2.0/gems/actionpack-4.2.0/lib/action_dispatch/middleware/templates/rescues/_trace.html.erb (2.2ms)
  Rendered /home/kristianw/.rbenv/versions/2.2.0/lib/ruby/gems/2.2.0/gems/actionpack-4.2.0/lib/action_dispatch/middleware/templates/rescues/_request_and_response.html.erb (1.4ms)
  Rendered /home/kristianw/.rbenv/versions/2.2.0/lib/ruby/gems/2.2.0/gems/actionpack-4.2.0/lib/action_dispatch/middleware/templates/rescues/diagnostics.html.erb within rescues/layout (39.3ms)
  Rendered /home/kristianw/.rbenv/versions/2.2.0/lib/ruby/gems/2.2.0/gems/web-console-2.1.1/lib/web_console/templates/_markup.html (0.6ms)
  Rendered /home/kristianw/.rbenv/versions/2.2.0/lib/ruby/gems/2.2.0/gems/web-console-2.1.1/lib/web_console/templates/style.css within layouts/inlined_string (0.5ms)
  Rendered /home/kristianw/.rbenv/versions/2.2.0/lib/ruby/gems/2.2.0/gems/web-console-2.1.1/lib/web_console/templates/_inner_console_markup.html within layouts/inlined_string (0.5ms)
  Rendered /home/kristianw/.rbenv/versions/2.2.0/lib/ruby/gems/2.2.0/gems/web-console-2.1.1/lib/web_console/templates/_prompt_box_markup.html within layouts/inlined_string (0.5ms)
  Rendered /home/kristianw/.rbenv/versions/2.2.0/lib/ruby/gems/2.2.0/gems/web-console-2.1.1/lib/web_console/templates/console.js within layouts/javascript (41.8ms)
  Rendered /home/kristianw/.rbenv/versions/2.2.0/lib/ruby/gems/2.2.0/gems/web-console-2.1.1/lib/web_console/templates/main.js within layouts/javascript (0.5ms)
  Rendered /home/kristianw/.rbenv/versions/2.2.0/lib/ruby/gems/2.2.0/gems/web-console-2.1.1/lib/web_console/templates/error_page.js within layouts/javascript (0.7ms)
  Rendered /home/kristianw/.rbenv/versions/2.2.0/lib/ruby/gems/2.2.0/gems/web-console-2.1.1/lib/web_console/templates/index.html (92.9ms)
  [1m[36m (32.5ms)[0m  [1mCREATE TABLE "schema_migrations" ("version" varchar NOT NULL) [0m
  [1m[35m (0.2ms)[0m  select sqlite_version(*)
  [1m[36m (27.3ms)[0m  [1mCREATE UNIQUE INDEX "unique_schema_migrations" ON "schema_migrations" ("version")[0m
  [1m[35mActiveRecord::SchemaMigration Load (0.1ms)[0m  SELECT "schema_migrations".* FROM "schema_migrations"
Migrating to CreateUsers (20150307175626)
  [1m[36m (0.1ms)[0m  [1mbegin transaction[0m
  [1m[35m (0.5ms)[0m  CREATE TABLE "users" ("id" INTEGER PRIMARY KEY AUTOINCREMENT NOT NULL, "name" varchar, "birthdate" date, "created_at" datetime NOT NULL, "updated_at" datetime NOT NULL) 
  [1m[36mSQL (0.2ms)[0m  [1mINSERT INTO "schema_migrations" ("version") VALUES (?)[0m  [["version", "20150307175626"]]
  [1m[35m (32.3ms)[0m  commit transaction
Migrating to CreateTasks (20150307181016)
  [1m[36m (0.1ms)[0m  [1mbegin transaction[0m
  [1m[35m (0.4ms)[0m  CREATE TABLE "tasks" ("id" INTEGER PRIMARY KEY AUTOINCREMENT NOT NULL, "name" varchar, "description" text, "location" varchar, "created_at" datetime NOT NULL, "updated_at" datetime NOT NULL) 
  [1m[36mSQL (0.3ms)[0m  [1mINSERT INTO "schema_migrations" ("version") VALUES (?)[0m  [["version", "20150307181016"]]
  [1m[35m (31.0ms)[0m  commit transaction
Migrating to CreateAssignments (20150307181514)
  [1m[36m (0.1ms)[0m  [1mbegin transaction[0m
  [1m[35m (0.4ms)[0m  CREATE TABLE "assignments" ("id" INTEGER PRIMARY KEY AUTOINCREMENT NOT NULL, "name" varchar, "user_id" integer, "is_done" boolean, "deadline" date, "created_at" datetime NOT NULL, "updated_at" datetime NOT NULL) 
  [1m[36mSQL (0.3ms)[0m  [1mINSERT INTO "schema_migrations" ("version") VALUES (?)[0m  [["version", "20150307181514"]]
  [1m[35m (39.3ms)[0m  commit transaction
Migrating to AddAssignmentIdToTasks (20150307184338)
  [1m[36m (0.1ms)[0m  [1mbegin transaction[0m
  [1m[35m (0.4ms)[0m  ALTER TABLE "tasks" ADD "assignment_id" integer
  [1m[36mSQL (0.3ms)[0m  [1mINSERT INTO "schema_migrations" ("version") VALUES (?)[0m  [["version", "20150307184338"]]
  [1m[35m (38.0ms)[0m  commit transaction
Migrating to ChangeAssigmentsDateToDatetime (20150307185452)
  [1m[36m (0.1ms)[0m  [1mbegin transaction[0m
  [1m[35m (0.5ms)[0m  CREATE TEMPORARY TABLE "aassignments" ("id" INTEGER PRIMARY KEY AUTOINCREMENT NOT NULL, "name" varchar, "user_id" integer, "is_done" boolean, "deadline" date, "created_at" datetime NOT NULL, "updated_at" datetime NOT NULL) 
  [1m[36m (0.1ms)[0m  [1mSELECT * FROM "assignments"[0m
  [1m[35m (0.3ms)[0m  DROP TABLE "assignments"
  [1m[36m (0.2ms)[0m  [1mCREATE TABLE "assignments" ("id" INTEGER PRIMARY KEY AUTOINCREMENT NOT NULL, "name" varchar, "user_id" integer, "is_done" boolean, "deadline" datetime, "created_at" datetime NOT NULL, "updated_at" datetime NOT NULL) [0m
  [1m[35m (0.1ms)[0m  SELECT * FROM "aassignments"
  [1m[36m (0.2ms)[0m  [1mDROP TABLE "aassignments"[0m
  [1m[35mSQL (0.1ms)[0m  INSERT INTO "schema_migrations" ("version") VALUES (?)  [["version", "20150307185452"]]
  [1m[36m (30.4ms)[0m  [1mcommit transaction[0m
Migrating to AddIsDoneToTasks (20150307190149)
  [1m[35m (0.1ms)[0m  begin transaction
  [1m[36m (0.4ms)[0m  [1mALTER TABLE "tasks" ADD "is_done" boolean[0m
  [1m[35mSQL (0.4ms)[0m  INSERT INTO "schema_migrations" ("version") VALUES (?)  [["version", "20150307190149"]]
  [1m[36m (28.4ms)[0m  [1mcommit transaction[0m
  [1m[35mActiveRecord::SchemaMigration Load (0.1ms)[0m  SELECT "schema_migrations".* FROM "schema_migrations"


Started GET "/" for 127.0.0.1 at 2015-03-09 16:52:53 +0200
  [1m[36mActiveRecord::SchemaMigration Load (0.2ms)[0m  [1mSELECT "schema_migrations".* FROM "schema_migrations"[0m
Processing by UsersController#index as HTML
  [1m[35mUser Load (0.2ms)[0m  SELECT "users".* FROM "users"
  Rendered users/index.html.erb within layouts/application (4.1ms)
Completed 200 OK in 780ms (Views: 743.3ms | ActiveRecord: 0.3ms)


Started GET "/assets/assignments-64e62ddc273c2f5847f30d698ca14b67.css?body=1" for 127.0.0.1 at 2015-03-09 16:52:54 +0200


Started GET "/assets/scaffolds-9fe0527a18558a65ba847be2e2f9571e.css?body=1" for 127.0.0.1 at 2015-03-09 16:52:54 +0200


Started GET "/assets/users-64e62ddc273c2f5847f30d698ca14b67.css?body=1" for 127.0.0.1 at 2015-03-09 16:52:54 +0200


Started GET "/assets/tasks-64e62ddc273c2f5847f30d698ca14b67.css?body=1" for 127.0.0.1 at 2015-03-09 16:52:54 +0200


Started GET "/assets/jquery-87424c3c19e96d4fb033c10ebe21ec40.js?body=1" for 127.0.0.1 at 2015-03-09 16:52:54 +0200


Started GET "/assets/application-1486545c266b398ad79b5f738e2a54e6.css?body=1" for 127.0.0.1 at 2015-03-09 16:52:54 +0200


Started GET "/assets/turbolinks-f87b3583ca50adb0488b031297f5580d.js?body=1" for 127.0.0.1 at 2015-03-09 16:52:54 +0200


Started GET "/assets/assignments-fcec5b5a277ac7c20cc9f45a209a3bcd.js?body=1" for 127.0.0.1 at 2015-03-09 16:52:54 +0200


Started GET "/assets/tasks-fcec5b5a277ac7c20cc9f45a209a3bcd.js?body=1" for 127.0.0.1 at 2015-03-09 16:52:54 +0200


Started GET "/assets/jquery_ujs-e27bd20a10d28155845a22d71ef94f2f.js?body=1" for 127.0.0.1 at 2015-03-09 16:52:54 +0200


Started GET "/assets/users-fcec5b5a277ac7c20cc9f45a209a3bcd.js?body=1" for 127.0.0.1 at 2015-03-09 16:52:54 +0200


Started GET "/assets/application-8ce5067598cd03bc722b97db5dd776ec.js?body=1" for 127.0.0.1 at 2015-03-09 16:52:54 +0200


Started GET "/assignments" for 127.0.0.1 at 2015-03-09 16:52:56 +0200
Processing by AssignmentsController#index as HTML
  [1m[36mAssignment Load (0.2ms)[0m  [1mSELECT "assignments".* FROM "assignments"[0m
  Rendered assignments/index.html.erb within layouts/application (2.6ms)
Completed 200 OK in 88ms (Views: 80.4ms | ActiveRecord: 0.3ms)


Started GET "/tasks" for 127.0.0.1 at 2015-03-09 16:52:57 +0200
Processing by TasksController#index as HTML
  [1m[35mTask Load (0.2ms)[0m  SELECT "tasks".* FROM "tasks"
  Rendered tasks/index.html.erb within layouts/application (2.6ms)
Completed 200 OK in 83ms (Views: 78.7ms | ActiveRecord: 0.3ms)


Started GET "/" for 127.0.0.1 at 2015-03-09 18:26:28 +0200
  [1m[36mActiveRecord::SchemaMigration Load (0.1ms)[0m  [1mSELECT "schema_migrations".* FROM "schema_migrations"[0m
Processing by UsersController#index as HTML
  [1m[35mUser Load (0.2ms)[0m  SELECT "users".* FROM "users"
  Rendered users/index.html.erb within layouts/application (2.2ms)
Completed 200 OK in 425ms (Views: 412.7ms | ActiveRecord: 0.2ms)


Started GET "/assignments" for 127.0.0.1 at 2015-03-09 18:26:31 +0200
Processing by AssignmentsController#index as HTML
  [1m[36mAssignment Load (0.2ms)[0m  [1mSELECT "assignments".* FROM "assignments"[0m
  Rendered assignments/index.html.erb within layouts/application (2.3ms)
Completed 200 OK in 74ms (Views: 49.7ms | ActiveRecord: 0.3ms)


Started GET "/assignments" for 127.0.0.1 at 2015-03-09 18:26:53 +0200
Processing by AssignmentsController#index as HTML
  [1m[35mAssignment Load (0.3ms)[0m  SELECT "assignments".* FROM "assignments"
  Rendered assignments/index.html.erb within layouts/application (2.5ms)
Completed 200 OK in 60ms (Views: 58.2ms | ActiveRecord: 0.3ms)


Started GET "/assets/assignments-64e62ddc273c2f5847f30d698ca14b67.css?body=1" for 127.0.0.1 at 2015-03-09 18:26:53 +0200


Started GET "/assets/scaffolds-0e40a977ad51d19682cf4d5224cb1520.css?body=1" for 127.0.0.1 at 2015-03-09 18:26:53 +0200


Started GET "/assets/tasks-64e62ddc273c2f5847f30d698ca14b67.css?body=1" for 127.0.0.1 at 2015-03-09 18:26:53 +0200


Started GET "/assets/users-64e62ddc273c2f5847f30d698ca14b67.css?body=1" for 127.0.0.1 at 2015-03-09 18:26:53 +0200


Started GET "/assets/jquery_ujs-e27bd20a10d28155845a22d71ef94f2f.js?body=1" for 127.0.0.1 at 2015-03-09 18:26:53 +0200


Started GET "/assets/application-31ac73507e42169c63318675597a6ea4.css?body=1" for 127.0.0.1 at 2015-03-09 18:26:53 +0200


Started GET "/assets/turbolinks-f87b3583ca50adb0488b031297f5580d.js?body=1" for 127.0.0.1 at 2015-03-09 18:26:53 +0200


Started GET "/assets/jquery-87424c3c19e96d4fb033c10ebe21ec40.js?body=1" for 127.0.0.1 at 2015-03-09 18:26:53 +0200


Started GET "/assets/assignments-fcec5b5a277ac7c20cc9f45a209a3bcd.js?body=1" for 127.0.0.1 at 2015-03-09 18:26:53 +0200


Started GET "/assets/tasks-fcec5b5a277ac7c20cc9f45a209a3bcd.js?body=1" for 127.0.0.1 at 2015-03-09 18:26:53 +0200


Started GET "/assets/users-fcec5b5a277ac7c20cc9f45a209a3bcd.js?body=1" for 127.0.0.1 at 2015-03-09 18:26:53 +0200


Started GET "/assets/application-8ce5067598cd03bc722b97db5dd776ec.js?body=1" for 127.0.0.1 at 2015-03-09 18:26:53 +0200
